<?xml version="1.0" encoding="UTF-8"?>
<!-- Generated by org.testng.reporters.JUnitReportReporter -->
<testsuite hostname="naveen" name="com.seleniumnew.headlesschrome.AppTest" tests="1" failures="0" timestamp="7 Jan 2019 09:34:32 GMT" time="0.004" errors="0">
  <testcase name="testApp" time="0.004" classname="com.seleniumnew.headlesschrome.AppTest"/>
</testsuite> <!-- com.seleniumnew.headlesschrome.AppTest -->
