<?xml version="1.0" encoding="UTF-8"?>
<!-- Generated by org.testng.reporters.JUnitReportReporter -->
<testsuite hostname="naveen" name="com.seleniumnew.headlesschrome.testing" tests="1" failures="0" timestamp="7 Jan 2019 09:34:32 GMT" time="3.857" errors="0">
  <testcase name="sampletest" time="3.857" classname="com.seleniumnew.headlesschrome.testing"/>
</testsuite> <!-- com.seleniumnew.headlesschrome.testing -->
